#
# There is insufficient memory for the Java Runtime Environment to continue.
# Native memory allocation (malloc) failed to allocate 258976 bytes for Chunk::new
# Possible reasons:
#   The system is out of physical RAM or swap space
#   In 32 bit mode, the process size limit was hit
# Possible solutions:
#   Reduce memory load on the system
#   Increase physical memory or swap space
#   Check if swap backing store is full
#   Use 64 bit Java on a 64 bit OS
#   Decrease Java heap size (-Xmx/-Xms)
#   Decrease number of Java threads
#   Decrease Java thread stack sizes (-Xss)
#   Set larger code cache with -XX:ReservedCodeCacheSize=
# This output file may be truncated or incomplete.
#
#  Out of Memory Error (allocation.cpp:390), pid=41856, tid=0x00000000000090cc
#
# JRE version: Java(TM) SE Runtime Environment (8.0_111-b14) (build 1.8.0_111-b14)
# Java VM: Java HotSpot(TM) 64-Bit Server VM (25.111-b14 mixed mode windows-amd64 compressed oops)
# Failed to write core dump. Minidumps are not enabled by default on client versions of Windows
#

---------------  T H R E A D  ---------------

Current thread (0x0000000019a91800):  JavaThread "C2 CompilerThread0" daemon [_thread_in_native, id=37068, stack(0x000000001a260000,0x000000001a360000)]

Stack: [0x000000001a260000,0x000000001a360000]
[error occurred during error reporting (printing stack bounds), id 0xc0000005]

Native frames: (J=compiled Java code, j=interpreted, Vv=VM code, C=native code)


Current CompileTask:
C2:    581  684   !   4       sun.font.TrueTypeFont::getTableBuffer (199 bytes)


---------------  P R O C E S S  ---------------

Java Threads: ( => current thread )
  0x000000001aac3800 JavaThread "D3D Screen Updater" daemon [_thread_blocked, id=20912, stack(0x0000000022ec0000,0x0000000022fc0000)]
  0x0000000002a70800 JavaThread "DestroyJavaVM" [_thread_blocked, id=40952, stack(0x0000000002940000,0x0000000002a40000)]
  0x000000001ab92000 JavaThread "AWT-EventQueue-0" [_thread_in_vm, id=40784, stack(0x0000000022cc0000,0x0000000022dc0000)]
  0x000000001aa5d000 JavaThread "Image Fetcher 0" daemon [_thread_blocked, id=40756, stack(0x0000000022bc0000,0x0000000022cc0000)]
  0x000000001a9f6000 JavaThread "AWT-Windows" daemon [_thread_in_native, id=40940, stack(0x000000001b400000,0x000000001b500000)]
  0x000000001a9df000 JavaThread "AWT-Shutdown" [_thread_blocked, id=14840, stack(0x000000001b300000,0x000000001b400000)]
  0x000000001a9f2800 JavaThread "Java2D Disposer" daemon [_thread_blocked, id=40996, stack(0x000000001b1b0000,0x000000001b2b0000)]
  0x0000000019ab1800 JavaThread "Service Thread" daemon [_thread_blocked, id=32948, stack(0x000000001a660000,0x000000001a760000)]
  0x0000000017b8e800 JavaThread "C1 CompilerThread3" daemon [_thread_blocked, id=40516, stack(0x000000001a560000,0x000000001a660000)]
  0x0000000017b8c800 JavaThread "C2 CompilerThread2" daemon [_thread_in_native, id=33660, stack(0x000000001a460000,0x000000001a560000)]
  0x0000000019a96000 JavaThread "C2 CompilerThread1" daemon [_thread_in_native, id=40736, stack(0x000000001a360000,0x000000001a460000)]
=>0x0000000019a91800 JavaThread "C2 CompilerThread0" daemon [_thread_in_native, id=37068, stack(0x000000001a260000,0x000000001a360000)]
  0x0000000019a8c000 JavaThread "Attach Listener" daemon [_thread_blocked, id=36192, stack(0x000000001a160000,0x000000001a260000)]
  0x0000000019a8b000 JavaThread "Signal Dispatcher" daemon [_thread_blocked, id=41728, stack(0x000000001a060000,0x000000001a160000)]
  0x0000000002b6e000 JavaThread "Finalizer" daemon [_thread_blocked, id=41344, stack(0x0000000019e60000,0x0000000019f60000)]
  0x0000000002b67000 JavaThread "Reference Handler" daemon [_thread_blocked, id=39452, stack(0x0000000019960000,0x0000000019a60000)]

Other Threads:
  0x0000000017b79800 VMThread [stack: 0x0000000019860000,0x0000000019960000] [id=12044]
  0x0000000019b53000 WatcherThread [stack: 0x000000001a760000,0x000000001a860000] [id=41632]

VM state:not at safepoint (normal execution)

VM Mutex/Monitor currently owned by a thread: None

Heap:
 PSYoungGen      total 38400K, used 30380K [0x00000000d5b80000, 0x00000000d8600000, 0x0000000100000000)
  eden space 33280K, 91% used [0x00000000d5b80000,0x00000000d792b378,0x00000000d7c00000)
  from space 5120K, 0% used [0x00000000d8100000,0x00000000d8100000,0x00000000d8600000)
  to   space 5120K, 0% used [0x00000000d7c00000,0x00000000d7c00000,0x00000000d8100000)
 ParOldGen       total 87552K, used 0K [0x0000000081200000, 0x0000000086780000, 0x00000000d5b80000)
  object space 87552K, 0% used [0x0000000081200000,0x0000000081200000,0x0000000086780000)
 Metaspace       used 9772K, capacity 9966K, committed 10240K, reserved 1058816K
  class space    used 1152K, capacity 1253K, committed 1280K, reserved 1048576K

Card table byte_map: [0x0000000011f40000,0x0000000012340000] byte_map_base: 0x0000000011b37000

Marking Bits: (ParMarkBitMap*) 0x0000000067e8a6c0
 Begin Bits: [0x0000000012df0000, 0x0000000014da8000)
 End Bits:   [0x0000000014da8000, 0x0000000016d60000)

Polling page: 0x0000000002a50000

CodeCache: size=245760Kb used=2847Kb max_used=2859Kb free=242912Kb
 bounds [0x0000000002b80000, 0x0000000002e50000, 0x0000000011b80000]
 total_blobs=1161 nmethods=691 adapters=383
 compilation: enabled

Compilation events (10 events):
Event: 0.574 Thread 0x0000000017b8e800  687   !   3       sun.font.TrueTypeFont::getAllFamilyNames (33 bytes)
Event: 0.574 Thread 0x0000000017b8e800 nmethod 687 0x0000000002e461d0 code [0x0000000002e463a0, 0x0000000002e46b18]
Event: 0.575 Thread 0x0000000017b8c800  689       4       java.util.HashMap$KeyIterator::next (8 bytes)
Event: 0.577 Thread 0x0000000017b8c800 nmethod 689 0x0000000002e45d10 code [0x0000000002e45e60, 0x0000000002e46058]
Event: 0.579 Thread 0x0000000017b8e800  690       3       java.lang.CharacterData00::getProperties (32 bytes)
Event: 0.579 Thread 0x0000000017b8e800 nmethod 690 0x0000000002e45790 code [0x0000000002e45900, 0x0000000002e45af0]
Event: 0.579 Thread 0x0000000017b8e800  691       3       java.lang.CharacterData00::toLowerCase (1339 bytes)
Event: 0.580 Thread 0x0000000017b8e800 nmethod 691 0x0000000002e4a150 code [0x0000000002e4a380, 0x0000000002e4b3f0]
Event: 0.580 Thread 0x0000000019a96000  692   !   4       sun.font.SunFontManager::addToPool (131 bytes)
Event: 0.580 Thread 0x0000000017b8c800  693       4       java.lang.String::codePointAt (36 bytes)

GC Heap History (0 events):
No events

Deoptimization events (10 events):
Event: 0.544 Thread 0x000000001ab92000 Uncommon trap: reason=class_check action=maybe_recompile pc=0x0000000002e07328 method=java.util.HashMap.putVal(ILjava/lang/Object;Ljava/lang/Object;ZZ)Ljava/lang/Object; @ 203
Event: 0.544 Thread 0x000000001ab92000 Uncommon trap: reason=class_check action=maybe_recompile pc=0x0000000002e07328 method=java.util.HashMap.putVal(ILjava/lang/Object;Ljava/lang/Object;ZZ)Ljava/lang/Object; @ 203
Event: 0.544 Thread 0x000000001ab92000 Uncommon trap: reason=class_check action=maybe_recompile pc=0x0000000002e07328 method=java.util.HashMap.putVal(ILjava/lang/Object;Ljava/lang/Object;ZZ)Ljava/lang/Object; @ 203
Event: 0.544 Thread 0x000000001ab92000 Uncommon trap: reason=class_check action=maybe_recompile pc=0x0000000002e07328 method=java.util.HashMap.putVal(ILjava/lang/Object;Ljava/lang/Object;ZZ)Ljava/lang/Object; @ 203
Event: 0.559 Thread 0x000000001ab92000 Uncommon trap: reason=unstable_if action=reinterpret pc=0x0000000002e08c34 method=java.lang.Character.isSurrogate(C)Z @ 3
Event: 0.559 Thread 0x000000001ab92000 Uncommon trap: reason=unstable_if action=reinterpret pc=0x0000000002d8a6d8 method=java.lang.String.toLowerCase(Ljava/util/Locale;)Ljava/lang/String; @ 37
Event: 0.559 Thread 0x000000001ab92000 Uncommon trap: reason=unstable_if action=reinterpret pc=0x0000000002ddb224 method=java.lang.Character.isHighSurrogate(C)Z @ 3
Event: 0.559 Thread 0x000000001ab92000 Uncommon trap: reason=unstable_if action=reinterpret pc=0x0000000002dbd3d8 method=java.lang.Character.isHighSurrogate(C)Z @ 3
Event: 0.559 Thread 0x000000001ab92000 Uncommon trap: reason=unstable_if action=reinterpret pc=0x0000000002dd37f8 method=java.lang.Character.isHighSurrogate(C)Z @ 3
Event: 0.559 Thread 0x000000001ab92000 Uncommon trap: reason=unstable_if action=reinterpret pc=0x0000000002db97e8 method=java.lang.Character.isHighSurrogate(C)Z @ 3

Internal exceptions (10 events):
Event: 0.470 Thread 0x000000001ab92000 Exception <a 'java/io/FileNotFoundException'> (0x00000000d6facec0) thrown at [C:\re\workspace\8-2-build-windows-amd64-cygwin\jdk8u111\7883\hotspot\src\share\vm\prims\jni.cpp, line 709]
Event: 0.470 Thread 0x000000001ab92000 Exception <a 'java/io/FileNotFoundException'> (0x00000000d6fb0d08) thrown at [C:\re\workspace\8-2-build-windows-amd64-cygwin\jdk8u111\7883\hotspot\src\share\vm\prims\jni.cpp, line 709]
Event: 0.471 Thread 0x000000001ab92000 Exception <a 'java/io/FileNotFoundException'> (0x00000000d6fc8f60) thrown at [C:\re\workspace\8-2-build-windows-amd64-cygwin\jdk8u111\7883\hotspot\src\share\vm\prims\jni.cpp, line 709]
Event: 0.471 Thread 0x000000001ab92000 Exception <a 'java/io/FileNotFoundException'> (0x00000000d6fca7d0) thrown at [C:\re\workspace\8-2-build-windows-amd64-cygwin\jdk8u111\7883\hotspot\src\share\vm\prims\jni.cpp, line 709]
Event: 0.472 Thread 0x000000001ab92000 Exception <a 'java/io/FileNotFoundException'> (0x00000000d6fd0d40) thrown at [C:\re\workspace\8-2-build-windows-amd64-cygwin\jdk8u111\7883\hotspot\src\share\vm\prims\jni.cpp, line 709]
Event: 0.472 Thread 0x000000001ab92000 Exception <a 'java/io/FileNotFoundException'> (0x00000000d6fd25b0) thrown at [C:\re\workspace\8-2-build-windows-amd64-cygwin\jdk8u111\7883\hotspot\src\share\vm\prims\jni.cpp, line 709]
Event: 0.473 Thread 0x000000001ab92000 Exception <a 'java/io/FileNotFoundException'> (0x00000000d6fdd5b8) thrown at [C:\re\workspace\8-2-build-windows-amd64-cygwin\jdk8u111\7883\hotspot\src\share\vm\prims\jni.cpp, line 709]
Event: 0.473 Thread 0x000000001ab92000 Exception <a 'java/io/FileNotFoundException'> (0x00000000d6fe1c18) thrown at [C:\re\workspace\8-2-build-windows-amd64-cygwin\jdk8u111\7883\hotspot\src\share\vm\prims\jni.cpp, line 709]
Event: 0.473 Thread 0x000000001ab92000 Exception <a 'java/io/FileNotFoundException'> (0x00000000d6fe7018) thrown at [C:\re\workspace\8-2-build-windows-amd64-cygwin\jdk8u111\7883\hotspot\src\share\vm\prims\jni.cpp, line 709]
Event: 0.474 Thread 0x000000001ab92000 Exception <a 'java/io/FileNotFoundException'> (0x00000000d6febb08) thrown at [C:\re\workspace\8-2-build-windows-amd64-cygwin\jdk8u111\7883\hotspot\src\share\vm\prims\jni.cpp, line 709]

Events (10 events):
Event: 0.559 Thread 0x000000001ab92000 DEOPT UNPACKING pc=0x0000000002bc582a sp=0x0000000022dbb280 mode 2
Event: 0.559 Thread 0x000000001ab92000 Uncommon trap: trap_request=0xffffff65 fr.pc=0x0000000002dbd3d8
Event: 0.559 Thread 0x000000001ab92000 DEOPT PACKING pc=0x0000000002dbd3d8 sp=0x0000000022dbb450
Event: 0.559 Thread 0x000000001ab92000 DEOPT UNPACKING pc=0x0000000002bc582a sp=0x0000000022dbb330 mode 2
Event: 0.559 Thread 0x000000001ab92000 Uncommon trap: trap_request=0xffffff65 fr.pc=0x0000000002dd37f8
Event: 0.559 Thread 0x000000001ab92000 DEOPT PACKING pc=0x0000000002dd37f8 sp=0x0000000022dbb400
Event: 0.559 Thread 0x000000001ab92000 DEOPT UNPACKING pc=0x0000000002bc582a sp=0x0000000022dbb288 mode 2
Event: 0.559 Thread 0x000000001ab92000 Uncommon trap: trap_request=0xffffff65 fr.pc=0x0000000002db97e8
Event: 0.559 Thread 0x000000001ab92000 DEOPT PACKING pc=0x0000000002db97e8 sp=0x0000000022dbb3f0
Event: 0.559 Thread 0x000000001ab92000 DEOPT UNPACKING pc=0x0000000002bc582a sp=0x0000000022dbb338 mode 2


Dynamic libraries:
0x00007ff6745a0000 - 0x00007ff6745d7000 	C:\Program Files\Java\jdk1.8.0_111\bin\java.exe
0x00007ffa761d0000 - 0x00007ffa763c5000 	C:\WINDOWS\SYSTEM32\ntdll.dll
0x00007ffa75180000 - 0x00007ffa7523d000 	C:\WINDOWS\System32\KERNEL32.DLL
0x00007ffa73c00000 - 0x00007ffa73ec8000 	C:\WINDOWS\System32\KERNELBASE.dll
0x00007ffa75c10000 - 0x00007ffa75cbc000 	C:\WINDOWS\System32\ADVAPI32.dll
0x00007ffa74560000 - 0x00007ffa745fe000 	C:\WINDOWS\System32\msvcrt.dll
0x00007ffa74cd0000 - 0x00007ffa74d6b000 	C:\WINDOWS\System32\sechost.dll
0x00007ffa74d70000 - 0x00007ffa74e9b000 	C:\WINDOWS\System32\RPCRT4.dll
0x00007ffa74fc0000 - 0x00007ffa75160000 	C:\WINDOWS\System32\USER32.dll
0x00007ffa73fc0000 - 0x00007ffa73fe2000 	C:\WINDOWS\System32\win32u.dll
0x00007ffa74b70000 - 0x00007ffa74b9a000 	C:\WINDOWS\System32\GDI32.dll
0x00007ffa73af0000 - 0x00007ffa73bfb000 	C:\WINDOWS\System32\gdi32full.dll
0x00007ffa73ed0000 - 0x00007ffa73f6d000 	C:\WINDOWS\System32\msvcp_win.dll
0x00007ffa739f0000 - 0x00007ffa73af0000 	C:\WINDOWS\System32\ucrtbase.dll
0x00007ffa63030000 - 0x00007ffa632ca000 	C:\WINDOWS\WinSxS\amd64_microsoft.windows.common-controls_6595b64144ccf1df_6.0.19041.844_none_ca00b6081b84eb1d\COMCTL32.dll
0x00007ffa75ab0000 - 0x00007ffa75ae0000 	C:\WINDOWS\System32\IMM32.DLL
0x0000000067590000 - 0x0000000067662000 	C:\Program Files\Java\jdk1.8.0_111\jre\bin\msvcr100.dll
0x0000000067670000 - 0x0000000067f0a000 	C:\Program Files\Java\jdk1.8.0_111\jre\bin\server\jvm.dll
0x00007ffa74310000 - 0x00007ffa74318000 	C:\WINDOWS\System32\PSAPI.DLL
0x00007ffa69cb0000 - 0x00007ffa69cba000 	C:\WINDOWS\SYSTEM32\VERSION.dll
0x00007ffa69380000 - 0x00007ffa693a7000 	C:\WINDOWS\SYSTEM32\WINMM.dll
0x00007ffa5d570000 - 0x00007ffa5d579000 	C:\WINDOWS\SYSTEM32\WSOCK32.dll
0x00007ffa74ba0000 - 0x00007ffa74c0b000 	C:\WINDOWS\System32\WS2_32.dll
0x000000006a2c0000 - 0x000000006a2cf000 	C:\Program Files\Java\jdk1.8.0_111\jre\bin\verify.dll
0x0000000069eb0000 - 0x0000000069ed9000 	C:\Program Files\Java\jdk1.8.0_111\jre\bin\java.dll
0x0000000069ff0000 - 0x000000006a006000 	C:\Program Files\Java\jdk1.8.0_111\jre\bin\zip.dll
0x00007ffa752d0000 - 0x00007ffa75a12000 	C:\WINDOWS\System32\SHELL32.dll
0x00007ffa71a30000 - 0x00007ffa721c1000 	C:\WINDOWS\SYSTEM32\windows.storage.dll
0x00007ffa74810000 - 0x00007ffa74b65000 	C:\WINDOWS\System32\combase.dll
0x00007ffa73330000 - 0x00007ffa7335c000 	C:\WINDOWS\SYSTEM32\Wldp.dll
0x00007ffa74c10000 - 0x00007ffa74cbe000 	C:\WINDOWS\System32\SHCORE.dll
0x00007ffa74450000 - 0x00007ffa744a5000 	C:\WINDOWS\System32\shlwapi.dll
0x00007ffa73850000 - 0x00007ffa7386f000 	C:\WINDOWS\SYSTEM32\profapi.dll
0x00000000673d0000 - 0x0000000067568000 	C:\Program Files\Java\jdk1.8.0_111\jre\bin\awt.dll
0x00007ffa74320000 - 0x00007ffa743ed000 	C:\WINDOWS\System32\OLEAUT32.dll
0x00007ffa70e20000 - 0x00007ffa70eb0000 	C:\WINDOWS\SYSTEM32\apphelp.dll
0x00007ffa711c0000 - 0x00007ffa711ef000 	C:\WINDOWS\system32\DWMAPI.DLL
0x00007ffa70fb0000 - 0x00007ffa7104e000 	C:\WINDOWS\system32\uxtheme.dll
0x00007ffa74ea0000 - 0x00007ffa74fb5000 	C:\WINDOWS\System32\MSCTF.dll
0x00007ffa75ae0000 - 0x00007ffa75c0a000 	C:\WINDOWS\System32\ole32.dll
0x00007ffa721e0000 - 0x00007ffa721f2000 	C:\WINDOWS\SYSTEM32\kernel.appcore.dll
0x00007ffa73ff0000 - 0x00007ffa74070000 	C:\WINDOWS\System32\bcryptPrimitives.dll
0x00007ffa68440000 - 0x00007ffa6860e000 	C:\WINDOWS\system32\d3d9.dll
0x00007ffa69aa0000 - 0x00007ffa69ba2000 	C:\WINDOWS\System32\DriverStore\FileRepository\nvlt.inf_amd64_6de98d46a9fc896b\nvldumdx.dll
0x00007ffa740d0000 - 0x00007ffa7422f000 	C:\WINDOWS\System32\crypt32.dll
0x00007ffa69a60000 - 0x00007ffa69a91000 	C:\WINDOWS\SYSTEM32\cryptnet.dll
0x00007ffa73260000 - 0x00007ffa7326c000 	C:\WINDOWS\SYSTEM32\cryptbase.dll
0x00007ffa74070000 - 0x00007ffa740d0000 	C:\WINDOWS\System32\WINTRUST.DLL
0x00007ffa73500000 - 0x00007ffa73512000 	C:\WINDOWS\SYSTEM32\MSASN1.dll
0x00007ffa75160000 - 0x00007ffa7517d000 	C:\WINDOWS\System32\imagehlp.dll
0x00007ffa73240000 - 0x00007ffa73258000 	C:\WINDOWS\SYSTEM32\CRYPTSP.dll
0x00007ffa729c0000 - 0x00007ffa729f4000 	C:\WINDOWS\system32\rsaenh.dll
0x00007ffa739c0000 - 0x00007ffa739e7000 	C:\WINDOWS\System32\bcrypt.dll
0x00007ffa0c280000 - 0x00007ffa0da22000 	C:\WINDOWS\System32\DriverStore\FileRepository\nvlt.inf_amd64_6de98d46a9fc896b\nvd3dumx.dll
0x00007ffa73360000 - 0x00007ffa733ab000 	C:\WINDOWS\SYSTEM32\powrprof.dll
0x00007ffa73310000 - 0x00007ffa73322000 	C:\WINDOWS\SYSTEM32\UMPDC.dll
0x00007ffa40530000 - 0x00007ffa407f2000 	C:\WINDOWS\system32\nvspcap64.dll
0x00007ffa72690000 - 0x00007ffa726c3000 	C:\WINDOWS\SYSTEM32\ntmarta.dll
0x00007ffa72200000 - 0x00007ffa72223000 	C:\WINDOWS\SYSTEM32\gpapi.dll
0x00007ffa6bb80000 - 0x00007ffa6bbbb000 	C:\WINDOWS\SYSTEM32\dxcore.dll
0x00007ffa73f70000 - 0x00007ffa73fbe000 	C:\WINDOWS\System32\cfgmgr32.dll
0x00000000672c0000 - 0x00000000672f1000 	C:\Program Files\Java\jdk1.8.0_111\jre\bin\jpeg.dll
0x0000000067380000 - 0x00000000673c7000 	C:\Program Files\Java\jdk1.8.0_111\jre\bin\fontmanager.dll
0x00007ffa529f0000 - 0x00007ffa52ae9000 	C:\WINDOWS\SYSTEM32\textinputframework.dll
0x00007ffa707b0000 - 0x00007ffa70b0e000 	C:\WINDOWS\System32\CoreUIComponents.dll
0x00007ffa70b10000 - 0x00007ffa70c02000 	C:\WINDOWS\System32\CoreMessaging.dll
0x00007ffa6f430000 - 0x00007ffa6f584000 	C:\WINDOWS\SYSTEM32\wintypes.dll
0x0000000069be0000 - 0x0000000069bfa000 	C:\Program Files\Java\jdk1.8.0_111\jre\bin\net.dll
0x00007ffa73070000 - 0x00007ffa730da000 	C:\WINDOWS\system32\mswsock.dll
0x0000000067570000 - 0x0000000067581000 	C:\Program Files\Java\jdk1.8.0_111\jre\bin\nio.dll
0x0000000067330000 - 0x0000000067372000 	C:\Program Files\Java\jdk1.8.0_111\jre\bin\t2k.dll

VM Arguments:
jvm_args: -Dfile.encoding=UTF-8 
java_command: ayagýmýn.tozuyla.TurDetaylari
java_class_path (initial): C:\Program Files\NetBeans 8.2\ide\modules\ext\mysql-connector-java-5.1.23-bin.jar;C:\Users\lenovo\Belgeler\NetBeansProjects\Ayagýmýn Tozuyla\build\classes
Launcher Type: SUN_STANDARD

Environment Variables:
PATH=C:\Program Files (x86)\Common Files\Oracle\Java\javapath;C:\Windows\system32;C:\Windows;C:\Windows\System32\Wbem;C:\Windows\System32\WindowsPowerShell\v1.0\;C:\Windows\System32\OpenSSH\;C:\Program Files (x86)\NVIDIA Corporation\PhysX\Common;C:\Program Files\NVIDIA Corporation\NVIDIA NvDLISR;C:\Go\bin;C:\Program Files\dotnet\;C:\Program Files\Microsoft SQL Server\130\Tools\Binn\;C:\Program Files\Microsoft SQL Server\Client SDK\ODBC\170\Tools\Binn\;C:\Program Files (x86)\Brackets\command;C:\WINDOWS\system32;C:\WINDOWS;C:\WINDOWS\System32\Wbem;C:\WINDOWS\System32\WindowsPowerShell\v1.0\;C:\WINDOWS\System32\OpenSSH\;C:\Program Files\MySQL\MySQL Server 5.5\bin;C:\Users\lenovo\AppData\Local\Microsoft\WindowsApps;C:\Users\lenovo\go\bin;C:\Users\lenovo\AppData\Local\GitHubDesktop\bin;C:\Users\lenovo\.dotnet\tools;C:\Users\lenovo\AppData\Local\Programs\Microsoft VS Code\bin;C:\Users\lenovo\AppData\Local\atom\bin;C:\Users\lenovo\AppData\Local\Microsoft\WindowsApps;
USERNAME=lenovo
OS=Windows_NT
PROCESSOR_IDENTIFIER=Intel64 Family 6 Model 158 Stepping 13, GenuineIntel



---------------  S Y S T E M  ---------------

OS: Windows 10.0 , 64 bit Build 19041 (10.0.19041.928)

CPU:total 8 (4 cores per cpu, 2 threads per core) family 6 model 158 stepping 13, cmov, cx8, fxsr, mmx, sse, sse2, sse3, ssse3, sse4.1, sse4.2, popcnt, avx, avx2, aes, clmul, erms, 3dnowpref, lzcnt, ht, tsc, tscinvbit, bmi1, bmi2, adx

Memory: 4k page, physical 8306932k(685496k free), swap 33472756k(3468k free)

vm_info: Java HotSpot(TM) 64-Bit Server VM (25.111-b14) for windows-amd64 JRE (1.8.0_111-b14), built on Sep 22 2016 19:24:05 by "java_re" with MS VC++ 10.0 (VS2010)

time: Thu May 13 19:46:47 2021
elapsed time: 0 seconds (0d 0h 0m 0s)

